<?xml version="1.0" encoding="UTF-8"?>
<coverage generated="1660113318138" clover="3.2.0">
  <project timestamp="1660113318138" name="All files">
    <metrics statements="30" coveredstatements="26" conditionals="3" coveredconditionals="3" methods="8" coveredmethods="5" elements="41" coveredelements="34" complexity="0" loc="30" ncloc="30" packages="5" files="6" classes="6"/>
    <package name="src">
      <metrics statements="3" coveredstatements="3" conditionals="0" coveredconditionals="0" methods="0" coveredmethods="0"/>
      <file name="database.ts" path="/home/leonardo/Projetos/clickeventos/back-end/src/database.ts">
        <metrics statements="2" coveredstatements="2" conditionals="0" coveredconditionals="0" methods="0" coveredmethods="0"/>
        <line num="3" count="1" type="stmt"/>
        <line num="4" count="1" type="stmt"/>
      </file>
      <file name="setup.ts" path="/home/leonardo/Projetos/clickeventos/back-end/src/setup.ts">
        <metrics statements="1" coveredstatements="1" conditionals="0" coveredconditionals="0" methods="0" coveredmethods="0"/>
        <line num="2" count="1" type="stmt"/>
      </file>
    </package>
    <package name="src.repositories">
      <metrics statements="3" coveredstatements="0" conditionals="0" coveredconditionals="0" methods="2" coveredmethods="0"/>
      <file name="usersRepository.ts" path="/home/leonardo/Projetos/clickeventos/back-end/src/repositories/usersRepository.ts">
        <metrics statements="3" coveredstatements="0" conditionals="0" coveredconditionals="0" methods="2" coveredmethods="0"/>
        <line num="6" count="0" type="stmt"/>
        <line num="14" count="0" type="stmt"/>
        <line num="17" count="0" type="stmt"/>
      </file>
    </package>
    <package name="src.services">
      <metrics statements="12" coveredstatements="12" conditionals="1" coveredconditionals="1" methods="2" coveredmethods="2"/>
      <file name="authService.ts" path="/home/leonardo/Projetos/clickeventos/back-end/src/services/authService.ts">
        <metrics statements="12" coveredstatements="12" conditionals="1" coveredconditionals="1" methods="2" coveredmethods="2"/>
        <line num="11" count="2" type="stmt"/>
        <line num="12" count="2" type="stmt"/>
        <line num="15" count="1" type="stmt"/>
        <line num="16" count="1" type="stmt"/>
        <line num="18" count="1" type="stmt"/>
        <line num="22" count="3" type="stmt"/>
        <line num="24" count="3" type="stmt"/>
        <line num="27" count="2" type="stmt"/>
        <line num="28" count="2" type="cond" truecount="1" falsecount="0"/>
        <line num="29" count="1" type="stmt"/>
        <line num="33" count="1" type="stmt"/>
        <line num="39" count="1" type="stmt"/>
      </file>
    </package>
    <package name="src.utils">
      <metrics statements="5" coveredstatements="5" conditionals="2" coveredconditionals="2" methods="2" coveredmethods="2"/>
      <file name="usersUtil.ts" path="/home/leonardo/Projetos/clickeventos/back-end/src/utils/usersUtil.ts">
        <metrics statements="5" coveredstatements="5" conditionals="2" coveredconditionals="2" methods="2" coveredmethods="2"/>
        <line num="6" count="2" type="stmt"/>
        <line num="7" count="2" type="cond" truecount="1" falsecount="0"/>
        <line num="11" count="3" type="stmt"/>
        <line num="12" count="3" type="cond" truecount="1" falsecount="0"/>
        <line num="13" count="2" type="stmt"/>
      </file>
    </package>
    <package name="tests.factories">
      <metrics statements="7" coveredstatements="6" conditionals="0" coveredconditionals="0" methods="2" coveredmethods="1"/>
      <file name="usersFactory.ts" path="/home/leonardo/Projetos/clickeventos/back-end/tests/factories/usersFactory.ts">
        <metrics statements="7" coveredstatements="6" conditionals="0" coveredconditionals="0" methods="2" coveredmethods="1"/>
        <line num="9" count="1" type="stmt"/>
        <line num="10" count="1" type="stmt"/>
        <line num="11" count="1" type="stmt"/>
        <line num="12" count="1" type="stmt"/>
        <line num="13" count="1" type="stmt"/>
        <line num="15" count="1" type="stmt"/>
        <line num="33" count="0" type="stmt"/>
      </file>
    </package>
  </project>
</coverage>
