{"/home/leonardo/Projetos/clickeventos/back-end/src/database.ts": {"path":"/home/leonardo/Projetos/clickeventos/back-end/src/database.ts","statementMap":{"0":{"start":{"line":3,"column":25},"end":{"line":3,"column":28}},"1":{"start":{"line":4,"column":15},"end":{"line":4,"column":33}}},"fnMap":{},"branchMap":{},"s":{"0":1,"1":1},"f":{},"b":{}}
,"/home/leonardo/Projetos/clickeventos/back-end/src/setup.ts": {"path":"/home/leonardo/Projetos/clickeventos/back-end/src/setup.ts","statementMap":{"0":{"start":{"line":2,"column":0},"end":{"line":2,"column":32}}},"fnMap":{},"branchMap":{},"s":{"0":1},"f":{},"b":{}}
,"/home/leonardo/Projetos/clickeventos/back-end/src/repositories/usersRepository.ts": {"path":"/home/leonardo/Projetos/clickeventos/back-end/src/repositories/usersRepository.ts","statementMap":{"0":{"start":{"line":6,"column":4},"end":{"line":10,"column":8}},"1":{"start":{"line":14,"column":24},"end":{"line":16,"column":7}},"2":{"start":{"line":17,"column":4},"end":{"line":17,"column":16}}},"fnMap":{"0":{"name":"create","decl":{"start":{"line":5,"column":15},"end":{"line":5,"column":21}},"loc":{"start":{"line":5,"column":67},"end":{"line":11,"column":null}}},"1":{"name":"getByEmail","decl":{"start":{"line":13,"column":15},"end":{"line":13,"column":25}},"loc":{"start":{"line":13,"column":39},"end":{"line":18,"column":null}}}},"branchMap":{},"s":{"0":0,"1":0,"2":0},"f":{"0":0,"1":0},"b":{}}
,"/home/leonardo/Projetos/clickeventos/back-end/src/services/authService.ts": {"path":"/home/leonardo/Projetos/clickeventos/back-end/src/services/authService.ts","statementMap":{"0":{"start":{"line":11,"column":50},"end":{"line":11,"column":54}},"1":{"start":{"line":12,"column":4},"end":{"line":12,"column":49}},"2":{"start":{"line":15,"column":17},"end":{"line":15,"column":19}},"3":{"start":{"line":16,"column":38},"end":{"line":16,"column":69}},"4":{"start":{"line":18,"column":4},"end":{"line":18,"column":65}},"5":{"start":{"line":22,"column":44},"end":{"line":22,"column":48}},"6":{"start":{"line":24,"column":32},"end":{"line":24,"column":81}},"7":{"start":{"line":27,"column":38},"end":{"line":27,"column":59}},"8":{"start":{"line":28,"column":4},"end":{"line":30,"column":null}},"9":{"start":{"line":29,"column":8},"end":{"line":29,"column":75}},"10":{"start":{"line":33,"column":26},"end":{"line":37,"column":null}},"11":{"start":{"line":39,"column":4},"end":{"line":39,"column":21}}},"fnMap":{"0":{"name":"signUp","decl":{"start":{"line":10,"column":22},"end":{"line":10,"column":28}},"loc":{"start":{"line":10,"column":45},"end":{"line":19,"column":null}}},"1":{"name":"signIn","decl":{"start":{"line":21,"column":22},"end":{"line":21,"column":28}},"loc":{"start":{"line":21,"column":45},"end":{"line":40,"column":null}}}},"branchMap":{"0":{"loc":{"start":{"line":28,"column":4},"end":{"line":30,"column":null}},"type":"if","locations":[{"start":{"line":28,"column":4},"end":{"line":30,"column":null}}]}},"s":{"0":2,"1":2,"2":1,"3":1,"4":1,"5":3,"6":3,"7":2,"8":2,"9":1,"10":1,"11":1},"f":{"0":2,"1":3},"b":{"0":[1]}}
,"/home/leonardo/Projetos/clickeventos/back-end/src/utils/usersUtil.ts": {"path":"/home/leonardo/Projetos/clickeventos/back-end/src/utils/usersUtil.ts","statementMap":{"0":{"start":{"line":6,"column":24},"end":{"line":6,"column":63}},"1":{"start":{"line":7,"column":4},"end":{"line":7,"column":105}},"2":{"start":{"line":7,"column":13},"end":{"line":7,"column":105}},"3":{"start":{"line":11,"column":24},"end":{"line":11,"column":63}},"4":{"start":{"line":12,"column":4},"end":{"line":12,"column":79}},"5":{"start":{"line":12,"column":14},"end":{"line":12,"column":79}},"6":{"start":{"line":13,"column":4},"end":{"line":13,"column":16}}},"fnMap":{"0":{"name":"ensureUserDoesntExist","decl":{"start":{"line":5,"column":15},"end":{"line":5,"column":36}},"loc":{"start":{"line":5,"column":50},"end":{"line":8,"column":null}}},"1":{"name":"ensureUserExistsAndGetData","decl":{"start":{"line":10,"column":15},"end":{"line":10,"column":41}},"loc":{"start":{"line":10,"column":55},"end":{"line":14,"column":null}}}},"branchMap":{"0":{"loc":{"start":{"line":7,"column":4},"end":{"line":7,"column":105}},"type":"if","locations":[{"start":{"line":7,"column":4},"end":{"line":7,"column":105}}]},"1":{"loc":{"start":{"line":12,"column":4},"end":{"line":12,"column":79}},"type":"if","locations":[{"start":{"line":12,"column":4},"end":{"line":12,"column":79}}]}},"s":{"0":2,"1":2,"2":1,"3":3,"4":3,"5":1,"6":2},"f":{"0":2,"1":3},"b":{"0":[1],"1":[1]}}
,"/home/leonardo/Projetos/clickeventos/back-end/tests/factories/usersFactory.ts": {"path":"/home/leonardo/Projetos/clickeventos/back-end/tests/factories/usersFactory.ts","statementMap":{"0":{"start":{"line":9,"column":15},"end":{"line":9,"column":16}},"1":{"start":{"line":10,"column":17},"end":{"line":10,"column":38}},"2":{"start":{"line":11,"column":18},"end":{"line":11,"column":40}},"3":{"start":{"line":12,"column":21},"end":{"line":12,"column":46}},"4":{"start":{"line":13,"column":22},"end":{"line":13,"column":32}},"5":{"start":{"line":15,"column":4},"end":{"line":29,"column":6}},"6":{"start":{"line":33,"column":4},"end":{"line":39,"column":7}}},"fnMap":{"0":{"name":"generateRandomUser","decl":{"start":{"line":8,"column":16},"end":{"line":8,"column":34}},"loc":{"start":{"line":8,"column":34},"end":{"line":30,"column":1}}},"1":{"name":"createUser","decl":{"start":{"line":32,"column":22},"end":{"line":32,"column":32}},"loc":{"start":{"line":32,"column":49},"end":{"line":40,"column":null}}}},"branchMap":{},"s":{"0":1,"1":1,"2":1,"3":1,"4":1,"5":1,"6":0},"f":{"0":1,"1":0},"b":{}}
}
