{"/home/leonardo/Projetos/clickeventos/back-end/src/database.ts": {"path":"/home/leonardo/Projetos/clickeventos/back-end/src/database.ts","statementMap":{"0":{"start":{"line":3,"column":25},"end":{"line":3,"column":28}},"1":{"start":{"line":4,"column":15},"end":{"line":4,"column":33}}},"fnMap":{},"branchMap":{},"s":{"0":1,"1":1},"f":{},"b":{}}
,"/home/leonardo/Projetos/clickeventos/back-end/src/setup.ts": {"path":"/home/leonardo/Projetos/clickeventos/back-end/src/setup.ts","statementMap":{"0":{"start":{"line":2,"column":0},"end":{"line":2,"column":32}}},"fnMap":{},"branchMap":{},"s":{"0":1},"f":{},"b":{}}
,"/home/leonardo/Projetos/clickeventos/back-end/src/repositories/usersRepository.ts": {"path":"/home/leonardo/Projetos/clickeventos/back-end/src/repositories/usersRepository.ts","statementMap":{"0":{"start":{"line":6,"column":4},"end":{"line":10,"column":8}},"1":{"start":{"line":14,"column":24},"end":{"line":16,"column":7}},"2":{"start":{"line":17,"column":4},"end":{"line":17,"column":16}}},"fnMap":{"0":{"name":"create","decl":{"start":{"line":5,"column":15},"end":{"line":5,"column":21}},"loc":{"start":{"line":5,"column":67},"end":{"line":11,"column":null}}},"1":{"name":"getByEmail","decl":{"start":{"line":13,"column":15},"end":{"line":13,"column":25}},"loc":{"start":{"line":13,"column":39},"end":{"line":18,"column":null}}}},"branchMap":{},"s":{"0":1,"1":0,"2":0},"f":{"0":1,"1":0},"b":{}}
,"/home/leonardo/Projetos/clickeventos/back-end/src/services/authService.ts": {"path":"/home/leonardo/Projetos/clickeventos/back-end/src/services/authService.ts","statementMap":{"0":{"start":{"line":9,"column":50},"end":{"line":9,"column":54}},"1":{"start":{"line":10,"column":4},"end":{"line":10,"column":49}},"2":{"start":{"line":13,"column":17},"end":{"line":13,"column":19}},"3":{"start":{"line":14,"column":38},"end":{"line":14,"column":69}},"4":{"start":{"line":16,"column":4},"end":{"line":16,"column":65}}},"fnMap":{"0":{"name":"signUp","decl":{"start":{"line":8,"column":22},"end":{"line":8,"column":28}},"loc":{"start":{"line":8,"column":45},"end":{"line":17,"column":null}}}},"branchMap":{},"s":{"0":2,"1":2,"2":2,"3":2,"4":2},"f":{"0":2},"b":{}}
,"/home/leonardo/Projetos/clickeventos/back-end/src/utils/usersUtil.ts": {"path":"/home/leonardo/Projetos/clickeventos/back-end/src/utils/usersUtil.ts","statementMap":{"0":{"start":{"line":6,"column":24},"end":{"line":6,"column":63}},"1":{"start":{"line":7,"column":4},"end":{"line":7,"column":105}},"2":{"start":{"line":7,"column":13},"end":{"line":7,"column":105}}},"fnMap":{"0":{"name":"ensureUserDoesntExist","decl":{"start":{"line":5,"column":15},"end":{"line":5,"column":36}},"loc":{"start":{"line":5,"column":50},"end":{"line":8,"column":null}}}},"branchMap":{"0":{"loc":{"start":{"line":7,"column":4},"end":{"line":7,"column":105}},"type":"if","locations":[{"start":{"line":7,"column":4},"end":{"line":7,"column":105}}]}},"s":{"0":0,"1":0,"2":0},"f":{"0":0},"b":{"0":[0]}}
,"/home/leonardo/Projetos/clickeventos/back-end/tests/factories/usersFactory.ts": {"path":"/home/leonardo/Projetos/clickeventos/back-end/tests/factories/usersFactory.ts","statementMap":{"0":{"start":{"line":7,"column":17},"end":{"line":7,"column":38}},"1":{"start":{"line":8,"column":18},"end":{"line":8,"column":40}},"2":{"start":{"line":9,"column":21},"end":{"line":9,"column":46}},"3":{"start":{"line":10,"column":4},"end":{"line":10,"column":62}},"4":{"start":{"line":14,"column":4},"end":{"line":20,"column":7}}},"fnMap":{"0":{"name":"getRandomUser","decl":{"start":{"line":6,"column":16},"end":{"line":6,"column":29}},"loc":{"start":{"line":6,"column":29},"end":{"line":11,"column":1}}},"1":{"name":"createUser","decl":{"start":{"line":13,"column":22},"end":{"line":13,"column":32}},"loc":{"start":{"line":13,"column":49},"end":{"line":21,"column":null}}}},"branchMap":{},"s":{"0":2,"1":2,"2":2,"3":2,"4":0},"f":{"0":2,"1":0},"b":{}}
}
