TN:
SF:src/database.ts
FNF:0
FNH:0
DA:3,1
DA:4,1
LF:2
LH:2
BRF:0
BRH:0
end_of_record
TN:
SF:src/setup.ts
FNF:0
FNH:0
DA:2,1
LF:1
LH:1
BRF:0
BRH:0
end_of_record
TN:
SF:src/repositories/usersRepository.ts
FN:5,create
FN:13,getByEmail
FNF:2
FNH:1
FNDA:1,create
FNDA:0,getByEmail
DA:6,1
DA:14,0
DA:17,0
LF:3
LH:1
BRF:0
BRH:0
end_of_record
TN:
SF:src/services/authService.ts
FN:8,signUp
FNF:1
FNH:1
FNDA:2,signUp
DA:9,2
DA:10,2
DA:13,2
DA:14,2
DA:16,2
LF:5
LH:5
BRF:0
BRH:0
end_of_record
TN:
SF:src/utils/usersUtil.ts
FN:5,ensureUserDoesntExist
FNF:1
FNH:0
FNDA:0,ensureUserDoesntExist
DA:6,0
DA:7,0
LF:2
LH:0
BRDA:7,0,0,0
BRF:1
BRH:0
end_of_record
TN:
SF:tests/factories/usersFactory.ts
FN:6,getRandomUser
FN:13,createUser
FNF:2
FNH:1
FNDA:2,getRandomUser
FNDA:0,createUser
DA:7,2
DA:8,2
DA:9,2
DA:10,2
DA:14,0
LF:5
LH:4
BRF:0
BRH:0
end_of_record
