TN:
SF:src/database.ts
FNF:0
FNH:0
DA:3,1
DA:4,1
LF:2
LH:2
BRF:0
BRH:0
end_of_record
TN:
SF:src/setup.ts
FNF:0
FNH:0
DA:2,1
LF:1
LH:1
BRF:0
BRH:0
end_of_record
TN:
SF:src/repositories/usersRepository.ts
FN:5,create
FN:13,getByEmail
FNF:2
FNH:0
FNDA:0,create
FNDA:0,getByEmail
DA:6,0
DA:14,0
DA:17,0
LF:3
LH:0
BRF:0
BRH:0
end_of_record
TN:
SF:src/services/authService.ts
FN:10,signUp
FN:21,signIn
FNF:2
FNH:2
FNDA:2,signUp
FNDA:3,signIn
DA:11,2
DA:12,2
DA:15,1
DA:16,1
DA:18,1
DA:22,3
DA:24,3
DA:27,2
DA:28,2
DA:29,1
DA:33,1
DA:39,1
LF:12
LH:12
BRDA:28,0,0,1
BRF:1
BRH:1
end_of_record
TN:
SF:src/utils/usersUtil.ts
FN:5,ensureUserDoesntExist
FN:10,ensureUserExistsAndGetData
FNF:2
FNH:2
FNDA:2,ensureUserDoesntExist
FNDA:3,ensureUserExistsAndGetData
DA:6,2
DA:7,2
DA:11,3
DA:12,3
DA:13,2
LF:5
LH:5
BRDA:7,0,0,1
BRDA:12,1,0,1
BRF:2
BRH:2
end_of_record
TN:
SF:tests/factories/usersFactory.ts
FN:8,generateRandomUser
FN:32,createUser
FNF:2
FNH:1
FNDA:1,generateRandomUser
FNDA:0,createUser
DA:9,1
DA:10,1
DA:11,1
DA:12,1
DA:13,1
DA:15,1
DA:33,0
LF:7
LH:6
BRF:0
BRH:0
end_of_record
